
*** Running vivado
    with args -log hdmi_text_controller_tb.vds -m64 -product Vivado -mode batch -messageDb vivado.pb -notrace -source hdmi_text_controller_tb.tcl



****** Vivado v2022.2 (64-bit)
  **** SW Build 3671981 on Fri Oct 14 05:00:03 MDT 2022
  **** IP Build 3669848 on Fri Oct 14 08:30:02 MDT 2022
    ** Copyright 1986-2022 Xilinx, Inc. All Rights Reserved.

source hdmi_text_controller_tb.tcl -notrace
INFO: [IP_Flow 19-234] Refreshing IP repositories
INFO: [IP_Flow 19-1700] Loaded user IP repository 'c:/Users/kb40/Desktop/ECE385/lab7part1/ip_repo'.
INFO: [IP_Flow 19-1700] Loaded user IP repository 'c:/Users/kb40/Desktop/hdmi_tx_1.0'.
INFO: [IP_Flow 19-2313] Loaded Vivado IP repository 'C:/Xilinx/Vivado/2022.2/data/ip'.
WARNING: [IP_Flow 19-4995] The host OS only allows 260 characters in a normal path. The IP cache path is more than 80 characters. If you experience issues with IP caching, please consider changing the IP cache to a location with a shorter path. Alternately consider using the OS subst command to map part of the path to a drive letter. 
Current IP cache path is c:/users/kb40/desktop/ece385/lab7_1/lab7_1.tmp/hdmi_text_controller_v1_0_project/hdmi_text_controller_v1_0_project.cache/ip 
Command: read_checkpoint -auto_incremental -incremental c:/users/kb40/desktop/ece385/lab7_1/lab7_1.tmp/hdmi_text_controller_v1_0_project/hdmi_text_controller_v1_0_project.srcs/utils_1/imports/synth_1/hdmi_text_controller_v1_0.dcp
INFO: [Vivado 12-5825] Read reference checkpoint from c:/users/kb40/desktop/ece385/lab7_1/lab7_1.tmp/hdmi_text_controller_v1_0_project/hdmi_text_controller_v1_0_project.srcs/utils_1/imports/synth_1/hdmi_text_controller_v1_0.dcp for incremental synthesis
INFO: [Vivado 12-7989] Please ensure there are no constraint changes
Command: synth_design -top hdmi_text_controller_tb -part xc7s50csga324-1
Starting synth_design
Attempting to get a license for feature 'Synthesis' and/or device 'xc7s50'
INFO: [Common 17-349] Got license for feature 'Synthesis' and/or device 'xc7s50'
INFO: [Device 21-403] Loading part xc7s50csga324-1
INFO: [Synth 8-7079] Multithreading enabled for synth_design using a maximum of 2 processes.
INFO: [Synth 8-7078] Launching helper process for spawning children vivado processes
INFO: [Synth 8-7075] Helper process launched with PID 20720
INFO: [Synth 8-11241] undeclared symbol 'REGCCE', assumed default net type 'wire' [C:/Xilinx/Vivado/2022.2/data/verilog/src/unimacro/BRAM_SINGLE_MACRO.v:2170]
INFO: [Synth 8-11241] undeclared symbol 'Clk', assumed default net type 'wire' [c:/Users/kb40/Desktop/ECE385/lab7part1/ip_repo/hdmi_text_controller_1_0/src/hdmi_text_controller_v1_0.sv:99]
---------------------------------------------------------------------------------
Starting RTL Elaboration : Time (s): cpu = 00:00:03 ; elapsed = 00:00:04 . Memory (MB): peak = 1817.176 ; gain = 405.789
---------------------------------------------------------------------------------
INFO: [Synth 8-6157] synthesizing module 'hdmi_text_controller_tb' [c:/Users/kb40/Desktop/ECE385/lab7part1/ip_repo/hdmi_text_controller_1_0/src/hdmi_text_controller_v1_0_tb.sv:15]
ERROR: [Synth 8-4556] size of variable 'bitmap' is too large to handle; the size of the variable is 10080000, the limit is 1000000 [c:/Users/kb40/Desktop/ECE385/lab7part1/ip_repo/hdmi_text_controller_1_0/src/hdmi_text_controller_v1_0_tb.sv:61]
ERROR: [Synth 8-6156] failed synthesizing module 'hdmi_text_controller_tb' [c:/Users/kb40/Desktop/ECE385/lab7part1/ip_repo/hdmi_text_controller_1_0/src/hdmi_text_controller_v1_0_tb.sv:15]
---------------------------------------------------------------------------------
Finished RTL Elaboration : Time (s): cpu = 00:00:04 ; elapsed = 00:00:05 . Memory (MB): peak = 1909.277 ; gain = 497.891
---------------------------------------------------------------------------------
RTL Elaboration failed
INFO: [Common 17-83] Releasing license: Synthesis
15 Infos, 1 Warnings, 0 Critical Warnings and 3 Errors encountered.
synth_design failed
ERROR: [Common 17-69] Command failed: Synthesis failed - please see the console or run log file for details
INFO: [Common 17-206] Exiting Vivado at Thu Oct 31 11:55:23 2024...
