
*** Running vivado
    with args -log processor_top.vdi -applog -m64 -product Vivado -messageDb vivado.pb -mode batch -source processor_top.tcl -notrace



****** Vivado v2022.2 (64-bit)
  **** SW Build 3671981 on Fri Oct 14 05:00:03 MDT 2022
  **** IP Build 3669848 on Fri Oct 14 08:30:02 MDT 2022
    ** Copyright 1986-2022 Xilinx, Inc. All Rights Reserved.

source processor_top.tcl -notrace
Command: link_design -top processor_top -part xc7s50csga324-1
Design is defaulting to srcset: sources_1
Design is defaulting to constrset: constrs_1
INFO: [Device 21-403] Loading part xc7s50csga324-1
INFO: [Project 1-454] Reading design checkpoint 'c:/Users/realk/Desktop/ece385/ECE385/lab5/adder2/adder2.gen/sources_1/ip/blk_mem_gen_0/blk_mem_gen_0.dcp' for cell 'mem_subsystem/sram0'
Netlist sorting complete. Time (s): cpu = 00:00:00 ; elapsed = 00:00:00.008 . Memory (MB): peak = 1436.344 ; gain = 0.000
INFO: [Netlist 29-17] Analyzing 30 Unisim elements for replacement
INFO: [Netlist 29-28] Unisim Transformation completed in 0 CPU seconds
INFO: [Project 1-479] Netlist was created with Vivado 2022.2
INFO: [Project 1-570] Preparing netlist for logic optimization
Parsing XDC File [C:/Users/realk/Desktop/ece385/ECE385/lab5/adder2/adder2.srcs/constrs_1/imports/pin_assignment/top.xdc]
Finished Parsing XDC File [C:/Users/realk/Desktop/ece385/ECE385/lab5/adder2/adder2.srcs/constrs_1/imports/pin_assignment/top.xdc]
INFO: [Opt 31-138] Pushed 0 inverter(s) to 0 load pin(s).
Netlist sorting complete. Time (s): cpu = 00:00:00 ; elapsed = 00:00:00.001 . Memory (MB): peak = 1551.723 ; gain = 0.000
INFO: [Project 1-111] Unisim Transformation Summary:
  A total of 1 instances were transformed.
  RAM32M => RAM32M (RAMD32(x6), RAMS32(x2)): 1 instance 

8 Infos, 0 Warnings, 0 Critical Warnings and 0 Errors encountered.
link_design completed successfully
Command: opt_design
Attempting to get a license for feature 'Implementation' and/or device 'xc7s50'
INFO: [Common 17-349] Got license for feature 'Implementation' and/or device 'xc7s50'
Running DRC as a precondition to command opt_design

Starting DRC Task
INFO: [DRC 23-27] Running DRC with 2 threads
INFO: [Project 1-461] DRC finished with 0 Errors
INFO: [Project 1-462] Please refer to the DRC report (report_drc) for more information.

Time (s): cpu = 00:00:01 ; elapsed = 00:00:00.783 . Memory (MB): peak = 1574.625 ; gain = 22.902

Starting Cache Timing Information Task
INFO: [Timing 38-35] Done setting XDC timing constraints.
Ending Cache Timing Information Task | Checksum: 1c36920ce

Time (s): cpu = 00:00:05 ; elapsed = 00:00:06 . Memory (MB): peak = 2019.898 ; gain = 445.273

Starting Logic Optimization Task

Phase 1 Retarget
INFO: [Opt 31-138] Pushed 0 inverter(s) to 0 load pin(s).
INFO: [Opt 31-49] Retargeted 0 cell(s).
Phase 1 Retarget | Checksum: 1c36920ce

Time (s): cpu = 00:00:00 ; elapsed = 00:00:00.042 . Memory (MB): peak = 2357.965 ; gain = 0.000
INFO: [Opt 31-389] Phase Retarget created 0 cells and removed 0 cells

Phase 2 Constant propagation
INFO: [Opt 31-138] Pushed 0 inverter(s) to 0 load pin(s).
Phase 2 Constant propagation | Checksum: 1c36920ce

Time (s): cpu = 00:00:00 ; elapsed = 00:00:00.047 . Memory (MB): peak = 2357.965 ; gain = 0.000
INFO: [Opt 31-389] Phase Constant propagation created 0 cells and removed 0 cells

Phase 3 Sweep
Phase 3 Sweep | Checksum: 11211a223

Time (s): cpu = 00:00:00 ; elapsed = 00:00:00.067 . Memory (MB): peak = 2357.965 ; gain = 0.000
INFO: [Opt 31-389] Phase Sweep created 11 cells and removed 0 cells

Phase 4 BUFG optimization
Phase 4 BUFG optimization | Checksum: 11211a223

Time (s): cpu = 00:00:00 ; elapsed = 00:00:00.100 . Memory (MB): peak = 2357.965 ; gain = 0.000
INFO: [Opt 31-662] Phase BUFG optimization created 0 cells of which 0 are BUFGs and removed 0 cells.

Phase 5 Shift Register Optimization
INFO: [Opt 31-1064] SRL Remap converted 0 SRLs to 0 registers and converted 0 registers of register chains to 0 SRLs
Phase 5 Shift Register Optimization | Checksum: 11211a223

Time (s): cpu = 00:00:00 ; elapsed = 00:00:00.102 . Memory (MB): peak = 2357.965 ; gain = 0.000
INFO: [Opt 31-389] Phase Shift Register Optimization created 0 cells and removed 0 cells

Phase 6 Post Processing Netlist
Phase 6 Post Processing Netlist | Checksum: 18e920cee

Time (s): cpu = 00:00:00 ; elapsed = 00:00:00.105 . Memory (MB): peak = 2357.965 ; gain = 0.000
INFO: [Opt 31-389] Phase Post Processing Netlist created 0 cells and removed 0 cells
Opt_design Change Summary
=========================


-------------------------------------------------------------------------------------------------------------------------
|  Phase                        |  #Cells created  |  #Cells Removed  |  #Constrained objects preventing optimizations  |
-------------------------------------------------------------------------------------------------------------------------
|  Retarget                     |               0  |               0  |                                              0  |
|  Constant propagation         |               0  |               0  |                                              0  |
|  Sweep                        |              11  |               0  |                                              0  |
|  BUFG optimization            |               0  |               0  |                                              0  |
|  Shift Register Optimization  |               0  |               0  |                                              0  |
|  Post Processing Netlist      |               0  |               0  |                                              0  |
-------------------------------------------------------------------------------------------------------------------------



Starting Connectivity Check Task

Time (s): cpu = 00:00:00 ; elapsed = 00:00:00.001 . Memory (MB): peak = 2357.965 ; gain = 0.000
Ending Logic Optimization Task | Checksum: 214f611fe

Time (s): cpu = 00:00:00 ; elapsed = 00:00:00.122 . Memory (MB): peak = 2357.965 ; gain = 0.000

Starting Power Optimization Task
INFO: [Pwropt 34-132] Skipping clock gating for clocks with a period < 2.00 ns.
INFO: [Pwropt 34-9] Applying IDT optimizations ...
INFO: [Pwropt 34-10] Applying ODC optimizations ...
INFO: [Timing 38-35] Done setting XDC timing constraints.
Running Vector-less Activity Propagation...

Finished Running Vector-less Activity Propagation


Starting PowerOpt Patch Enables Task
INFO: [Pwropt 34-162] WRITE_MODE attribute of 0 BRAM(s) out of a total of 2 has been updated to save power. Run report_power_opt to get a complete listing of the BRAMs updated.
INFO: [Pwropt 34-201] Structural ODC has moved 0 WE to EN ports
Number of BRAM Ports augmented: 0 newly gated: 0 Total Ports: 4
Ending PowerOpt Patch Enables Task | Checksum: 214f611fe

Time (s): cpu = 00:00:00 ; elapsed = 00:00:00.009 . Memory (MB): peak = 2456.125 ; gain = 0.000
Ending Power Optimization Task | Checksum: 214f611fe

Time (s): cpu = 00:00:00 ; elapsed = 00:00:00.708 . Memory (MB): peak = 2456.125 ; gain = 98.160

Starting Final Cleanup Task
Ending Final Cleanup Task | Checksum: 214f611fe

Time (s): cpu = 00:00:00 ; elapsed = 00:00:00.001 . Memory (MB): peak = 2456.125 ; gain = 0.000

Starting Netlist Obfuscation Task
Netlist sorting complete. Time (s): cpu = 00:00:00 ; elapsed = 00:00:00 . Memory (MB): peak = 2456.125 ; gain = 0.000
Ending Netlist Obfuscation Task | Checksum: 214f611fe

Time (s): cpu = 00:00:00 ; elapsed = 00:00:00 . Memory (MB): peak = 2456.125 ; gain = 0.000
INFO: [Common 17-83] Releasing license: Implementation
30 Infos, 0 Warnings, 0 Critical Warnings and 0 Errors encountered.
opt_design completed successfully
opt_design: Time (s): cpu = 00:00:08 ; elapsed = 00:00:10 . Memory (MB): peak = 2456.125 ; gain = 904.402
INFO: [Timing 38-480] Writing timing data to binary archive.
Writing XDEF routing.
Writing XDEF routing logical nets.
Writing XDEF routing special nets.
Write XDEF Complete: Time (s): cpu = 00:00:00 ; elapsed = 00:00:00.026 . Memory (MB): peak = 2456.125 ; gain = 0.000
INFO: [Common 17-1381] The checkpoint 'C:/Users/realk/Desktop/ece385/ECE385/lab5/adder2/adder2.runs/impl_1/processor_top_opt.dcp' has been generated.
INFO: [runtcl-4] Executing : report_drc -file processor_top_drc_opted.rpt -pb processor_top_drc_opted.pb -rpx processor_top_drc_opted.rpx
Command: report_drc -file processor_top_drc_opted.rpt -pb processor_top_drc_opted.pb -rpx processor_top_drc_opted.rpx
INFO: [IP_Flow 19-1839] IP Catalog is up to date.
INFO: [DRC 23-27] Running DRC with 2 threads
INFO: [Vivado_Tcl 2-168] The results of DRC are in file C:/Users/realk/Desktop/ece385/ECE385/lab5/adder2/adder2.runs/impl_1/processor_top_drc_opted.rpt.
report_drc completed successfully
Command: place_design
Attempting to get a license for feature 'Implementation' and/or device 'xc7s50'
INFO: [Common 17-349] Got license for feature 'Implementation' and/or device 'xc7s50'
INFO: [DRC 23-27] Running DRC with 2 threads
INFO: [Vivado_Tcl 4-198] DRC finished with 0 Errors
INFO: [Vivado_Tcl 4-199] Please refer to the DRC report (report_drc) for more information.
Running DRC as a precondition to command place_design
INFO: [DRC 23-27] Running DRC with 2 threads
INFO: [Vivado_Tcl 4-198] DRC finished with 0 Errors
INFO: [Vivado_Tcl 4-199] Please refer to the DRC report (report_drc) for more information.

Starting Placer Task
INFO: [Place 30-611] Multithreading enabled for place_design using a maximum of 2 CPUs

Phase 1 Placer Initialization

Phase 1.1 Placer Initialization Netlist Sorting
Netlist sorting complete. Time (s): cpu = 00:00:00 ; elapsed = 00:00:00 . Memory (MB): peak = 2456.125 ; gain = 0.000
Phase 1.1 Placer Initialization Netlist Sorting | Checksum: 183b30253

Time (s): cpu = 00:00:00 ; elapsed = 00:00:00.021 . Memory (MB): peak = 2456.125 ; gain = 0.000
Netlist sorting complete. Time (s): cpu = 00:00:00 ; elapsed = 00:00:00 . Memory (MB): peak = 2456.125 ; gain = 0.000

Phase 1.2 IO Placement/ Clock Placement/ Build Placer Device
INFO: [Timing 38-35] Done setting XDC timing constraints.
Phase 1.2 IO Placement/ Clock Placement/ Build Placer Device | Checksum: aeea812a

Time (s): cpu = 00:00:00 ; elapsed = 00:00:00.275 . Memory (MB): peak = 2456.125 ; gain = 0.000

Phase 1.3 Build Placer Netlist Model
Phase 1.3 Build Placer Netlist Model | Checksum: b5ab7a35

Time (s): cpu = 00:00:00 ; elapsed = 00:00:00.443 . Memory (MB): peak = 2456.125 ; gain = 0.000

Phase 1.4 Constrain Clocks/Macros
Phase 1.4 Constrain Clocks/Macros | Checksum: b5ab7a35

Time (s): cpu = 00:00:00 ; elapsed = 00:00:00.446 . Memory (MB): peak = 2456.125 ; gain = 0.000
Phase 1 Placer Initialization | Checksum: b5ab7a35

Time (s): cpu = 00:00:00 ; elapsed = 00:00:00.454 . Memory (MB): peak = 2456.125 ; gain = 0.000

Phase 2 Global Placement

Phase 2.1 Floorplanning
Phase 2.1 Floorplanning | Checksum: e004bd31

Time (s): cpu = 00:00:00 ; elapsed = 00:00:00.559 . Memory (MB): peak = 2456.125 ; gain = 0.000

Phase 2.2 Update Timing before SLR Path Opt
Phase 2.2 Update Timing before SLR Path Opt | Checksum: 1a4025a49

Time (s): cpu = 00:00:00 ; elapsed = 00:00:00.613 . Memory (MB): peak = 2456.125 ; gain = 0.000

Phase 2.3 Post-Processing in Floorplanning
Phase 2.3 Post-Processing in Floorplanning | Checksum: 1a4025a49

Time (s): cpu = 00:00:00 ; elapsed = 00:00:00.615 . Memory (MB): peak = 2456.125 ; gain = 0.000

Phase 2.4 Global Placement Core

Phase 2.4.1 UpdateTiming Before Physical Synthesis
Phase 2.4.1 UpdateTiming Before Physical Synthesis | Checksum: 11bfc8915

Time (s): cpu = 00:00:00 ; elapsed = 00:00:02 . Memory (MB): peak = 2456.125 ; gain = 0.000

Phase 2.4.2 Physical Synthesis In Placer
INFO: [Physopt 32-1035] Found 0 LUTNM shape to break, 39 LUT instances to create LUTNM shape
INFO: [Physopt 32-1044] Break lutnm for timing: one critical 0, two critical 0, total 0, new lutff created 0
INFO: [Physopt 32-1138] End 1 Pass. Optimized 10 nets or LUTs. Breaked 0 LUT, combined 10 existing LUTs and moved 0 existing LUT
INFO: [Physopt 32-65] No nets found for high-fanout optimization.
INFO: [Physopt 32-232] Optimized 0 net. Created 0 new instance.
INFO: [Physopt 32-775] End 1 Pass. Optimized 0 net or cell. Created 0 new cell, deleted 0 existing cell and moved 0 existing cell
INFO: [Physopt 32-670] No setup violation found.  DSP Register Optimization was not performed.
INFO: [Physopt 32-670] No setup violation found.  Shift Register to Pipeline Optimization was not performed.
INFO: [Physopt 32-670] No setup violation found.  Shift Register Optimization was not performed.
INFO: [Physopt 32-670] No setup violation found.  BRAM Register Optimization was not performed.
INFO: [Physopt 32-670] No setup violation found.  URAM Register Optimization was not performed.
INFO: [Physopt 32-949] No candidate nets found for dynamic/static region interface net replication
INFO: [Physopt 32-775] End 1 Pass. Optimized 0 net or cell. Created 0 new cell, deleted 0 existing cell and moved 0 existing cell
Netlist sorting complete. Time (s): cpu = 00:00:00 ; elapsed = 00:00:00 . Memory (MB): peak = 2456.125 ; gain = 0.000

Summary of Physical Synthesis Optimizations
============================================


-----------------------------------------------------------------------------------------------------------------------------------------------------------
|  Optimization                                     |  Added Cells  |  Removed Cells  |  Optimized Cells/Nets  |  Dont Touch  |  Iterations  |  Elapsed   |
-----------------------------------------------------------------------------------------------------------------------------------------------------------
|  LUT Combining                                    |            0  |             10  |                    10  |           0  |           1  |  00:00:00  |
|  Retime                                           |            0  |              0  |                     0  |           0  |           1  |  00:00:00  |
|  Very High Fanout                                 |            0  |              0  |                     0  |           0  |           1  |  00:00:00  |
|  DSP Register                                     |            0  |              0  |                     0  |           0  |           0  |  00:00:00  |
|  Shift Register to Pipeline                       |            0  |              0  |                     0  |           0  |           0  |  00:00:00  |
|  Shift Register                                   |            0  |              0  |                     0  |           0  |           0  |  00:00:00  |
|  BRAM Register                                    |            0  |              0  |                     0  |           0  |           0  |  00:00:00  |
|  URAM Register                                    |            0  |              0  |                     0  |           0  |           0  |  00:00:00  |
|  Dynamic/Static Region Interface Net Replication  |            0  |              0  |                     0  |           0  |           1  |  00:00:00  |
|  Total                                            |            0  |             10  |                    10  |           0  |           4  |  00:00:00  |
-----------------------------------------------------------------------------------------------------------------------------------------------------------


Phase 2.4.2 Physical Synthesis In Placer | Checksum: 1027b7640

Time (s): cpu = 00:00:00 ; elapsed = 00:00:02 . Memory (MB): peak = 2456.125 ; gain = 0.000
Phase 2.4 Global Placement Core | Checksum: 7cb084b4

Time (s): cpu = 00:00:00 ; elapsed = 00:00:02 . Memory (MB): peak = 2456.125 ; gain = 0.000
Phase 2 Global Placement | Checksum: 7cb084b4

Time (s): cpu = 00:00:00 ; elapsed = 00:00:02 . Memory (MB): peak = 2456.125 ; gain = 0.000

Phase 3 Detail Placement

Phase 3.1 Commit Multi Column Macros
Phase 3.1 Commit Multi Column Macros | Checksum: 11c84f594

Time (s): cpu = 00:00:01 ; elapsed = 00:00:02 . Memory (MB): peak = 2456.125 ; gain = 0.000

Phase 3.2 Commit Most Macros & LUTRAMs
Phase 3.2 Commit Most Macros & LUTRAMs | Checksum: 1c81f0297

Time (s): cpu = 00:00:01 ; elapsed = 00:00:02 . Memory (MB): peak = 2456.125 ; gain = 0.000

Phase 3.3 Area Swap Optimization
Phase 3.3 Area Swap Optimization | Checksum: 213dbce14

Time (s): cpu = 00:00:01 ; elapsed = 00:00:02 . Memory (MB): peak = 2456.125 ; gain = 0.000

Phase 3.4 Pipeline Register Optimization
Phase 3.4 Pipeline Register Optimization | Checksum: 16b1a25de

Time (s): cpu = 00:00:01 ; elapsed = 00:00:02 . Memory (MB): peak = 2456.125 ; gain = 0.000

Phase 3.5 Small Shape Detail Placement
Phase 3.5 Small Shape Detail Placement | Checksum: 1818f66a7

Time (s): cpu = 00:00:01 ; elapsed = 00:00:02 . Memory (MB): peak = 2456.125 ; gain = 0.000

Phase 3.6 Re-assign LUT pins
Phase 3.6 Re-assign LUT pins | Checksum: 1456bdad1

Time (s): cpu = 00:00:01 ; elapsed = 00:00:02 . Memory (MB): peak = 2456.125 ; gain = 0.000

Phase 3.7 Pipeline Register Optimization
Phase 3.7 Pipeline Register Optimization | Checksum: 1262e331f

Time (s): cpu = 00:00:01 ; elapsed = 00:00:02 . Memory (MB): peak = 2456.125 ; gain = 0.000
Phase 3 Detail Placement | Checksum: 1262e331f

Time (s): cpu = 00:00:01 ; elapsed = 00:00:02 . Memory (MB): peak = 2456.125 ; gain = 0.000

Phase 4 Post Placement Optimization and Clean-Up

Phase 4.1 Post Commit Optimization
INFO: [Timing 38-35] Done setting XDC timing constraints.

Phase 4.1.1 Post Placement Optimization
Post Placement Optimization Initialization | Checksum: 12b258aa5

Phase 4.1.1.1 BUFG Insertion

Starting Physical Synthesis Task

Phase 1 Physical Synthesis Initialization
INFO: [Physopt 32-721] Multithreading enabled for phys_opt_design using a maximum of 2 CPUs
INFO: [Physopt 32-619] Estimated Timing Summary | WNS=4.051 | TNS=0.000 |
Phase 1 Physical Synthesis Initialization | Checksum: 144eb3a6d

Time (s): cpu = 00:00:00 ; elapsed = 00:00:00.019 . Memory (MB): peak = 2456.125 ; gain = 0.000
INFO: [Place 46-56] BUFG insertion identified 0 candidate nets. Inserted BUFG: 0, Replicated BUFG Driver: 0, Skipped due to Placement/Routing Conflicts: 0, Skipped due to Timing Degradation: 0, Skipped due to Illegal Netlist: 0.
Ending Physical Synthesis Task | Checksum: 10c5bacbb

Time (s): cpu = 00:00:00 ; elapsed = 00:00:00.023 . Memory (MB): peak = 2456.125 ; gain = 0.000
Phase 4.1.1.1 BUFG Insertion | Checksum: 12b258aa5

Time (s): cpu = 00:00:01 ; elapsed = 00:00:02 . Memory (MB): peak = 2456.125 ; gain = 0.000

Phase 4.1.1.2 Post Placement Timing Optimization
INFO: [Place 30-746] Post Placement Timing Summary WNS=4.051. For the most accurate timing information please run report_timing.
Phase 4.1.1.2 Post Placement Timing Optimization | Checksum: ead3d05b

Time (s): cpu = 00:00:01 ; elapsed = 00:00:02 . Memory (MB): peak = 2456.125 ; gain = 0.000

Time (s): cpu = 00:00:01 ; elapsed = 00:00:02 . Memory (MB): peak = 2456.125 ; gain = 0.000
Phase 4.1 Post Commit Optimization | Checksum: ead3d05b

Time (s): cpu = 00:00:01 ; elapsed = 00:00:02 . Memory (MB): peak = 2456.125 ; gain = 0.000

Phase 4.2 Post Placement Cleanup
Phase 4.2 Post Placement Cleanup | Checksum: ead3d05b

Time (s): cpu = 00:00:01 ; elapsed = 00:00:02 . Memory (MB): peak = 2456.125 ; gain = 0.000

Phase 4.3 Placer Reporting

Phase 4.3.1 Print Estimated Congestion
INFO: [Place 30-612] Post-Placement Estimated Congestion 
 ____________________________________________________
|           | Global Congestion | Short Congestion  |
| Direction | Region Size       | Region Size       |
|___________|___________________|___________________|
|      North|                1x1|                1x1|
|___________|___________________|___________________|
|      South|                1x1|                1x1|
|___________|___________________|___________________|
|       East|                1x1|                1x1|
|___________|___________________|___________________|
|       West|                1x1|                1x1|
|___________|___________________|___________________|

Phase 4.3.1 Print Estimated Congestion | Checksum: ead3d05b

Time (s): cpu = 00:00:01 ; elapsed = 00:00:03 . Memory (MB): peak = 2456.125 ; gain = 0.000
Phase 4.3 Placer Reporting | Checksum: ead3d05b

Time (s): cpu = 00:00:01 ; elapsed = 00:00:03 . Memory (MB): peak = 2456.125 ; gain = 0.000

Phase 4.4 Final Placement Cleanup
Netlist sorting complete. Time (s): cpu = 00:00:00 ; elapsed = 00:00:00 . Memory (MB): peak = 2456.125 ; gain = 0.000

Time (s): cpu = 00:00:01 ; elapsed = 00:00:03 . Memory (MB): peak = 2456.125 ; gain = 0.000
Phase 4 Post Placement Optimization and Clean-Up | Checksum: 1e503aef7

Time (s): cpu = 00:00:01 ; elapsed = 00:00:03 . Memory (MB): peak = 2456.125 ; gain = 0.000
Ending Placer Task | Checksum: 175487bac

Time (s): cpu = 00:00:01 ; elapsed = 00:00:03 . Memory (MB): peak = 2456.125 ; gain = 0.000
INFO: [Common 17-83] Releasing license: Implementation
65 Infos, 0 Warnings, 0 Critical Warnings and 0 Errors encountered.
place_design completed successfully
INFO: [Timing 38-480] Writing timing data to binary archive.
Writing XDEF routing.
Writing XDEF routing logical nets.
Writing XDEF routing special nets.
Write XDEF Complete: Time (s): cpu = 00:00:00 ; elapsed = 00:00:00.067 . Memory (MB): peak = 2456.125 ; gain = 0.000
INFO: [Common 17-1381] The checkpoint 'C:/Users/realk/Desktop/ece385/ECE385/lab5/adder2/adder2.runs/impl_1/processor_top_placed.dcp' has been generated.
INFO: [runtcl-4] Executing : report_io -file processor_top_io_placed.rpt
report_io: Time (s): cpu = 00:00:00 ; elapsed = 00:00:00.055 . Memory (MB): peak = 2456.125 ; gain = 0.000
INFO: [runtcl-4] Executing : report_utilization -file processor_top_utilization_placed.rpt -pb processor_top_utilization_placed.pb
INFO: [runtcl-4] Executing : report_control_sets -verbose -file processor_top_control_sets_placed.rpt
report_control_sets: Time (s): cpu = 00:00:00 ; elapsed = 00:00:00.003 . Memory (MB): peak = 2456.125 ; gain = 0.000
Command: phys_opt_design
Attempting to get a license for feature 'Implementation' and/or device 'xc7s50'
INFO: [Common 17-349] Got license for feature 'Implementation' and/or device 'xc7s50'

Starting Initial Update Timing Task

Time (s): cpu = 00:00:00 ; elapsed = 00:00:00.062 . Memory (MB): peak = 2456.125 ; gain = 0.000
INFO: [Vivado_Tcl 4-383] Design worst setup slack (WNS) is greater than or equal to 0.000 ns. Skipping all physical synthesis optimizations.
INFO: [Vivado_Tcl 4-232] No setup violation found. The netlist was not modified.
INFO: [Common 17-83] Releasing license: Implementation
74 Infos, 0 Warnings, 0 Critical Warnings and 0 Errors encountered.
phys_opt_design completed successfully
INFO: [Timing 38-480] Writing timing data to binary archive.
Writing XDEF routing.
Writing XDEF routing logical nets.
Writing XDEF routing special nets.
Write XDEF Complete: Time (s): cpu = 00:00:00 ; elapsed = 00:00:00.065 . Memory (MB): peak = 2456.125 ; gain = 0.000
INFO: [Common 17-1381] The checkpoint 'C:/Users/realk/Desktop/ece385/ECE385/lab5/adder2/adder2.runs/impl_1/processor_top_physopt.dcp' has been generated.
Command: route_design
Attempting to get a license for feature 'Implementation' and/or device 'xc7s50'
INFO: [Common 17-349] Got license for feature 'Implementation' and/or device 'xc7s50'
Running DRC as a precondition to command route_design
INFO: [DRC 23-27] Running DRC with 2 threads
INFO: [Vivado_Tcl 4-198] DRC finished with 0 Errors
INFO: [Vivado_Tcl 4-199] Please refer to the DRC report (report_drc) for more information.


Starting Routing Task
INFO: [Route 35-254] Multithreading enabled for route_design using a maximum of 2 CPUs

Phase 1 Build RT Design
Checksum: PlaceDB: 777d5fe3 ConstDB: 0 ShapeSum: fdcb1bc9 RouteDB: 0
Post Restoration Checksum: NetGraph: 68e63295 NumContArr: 355537 Constraints: 0 Timing: 0
Phase 1 Build RT Design | Checksum: 691b87cc

Time (s): cpu = 00:00:14 ; elapsed = 00:00:17 . Memory (MB): peak = 2467.102 ; gain = 10.977

Phase 2 Router Initialization

Phase 2.1 Fix Topology Constraints
Phase 2.1 Fix Topology Constraints | Checksum: 691b87cc

Time (s): cpu = 00:00:14 ; elapsed = 00:00:17 . Memory (MB): peak = 2473.078 ; gain = 16.953

Phase 2.2 Pre Route Cleanup
Phase 2.2 Pre Route Cleanup | Checksum: 691b87cc

Time (s): cpu = 00:00:14 ; elapsed = 00:00:17 . Memory (MB): peak = 2473.078 ; gain = 16.953
 Number of Nodes with overlaps = 0

Phase 2.3 Update Timing
Phase 2.3 Update Timing | Checksum: 122fad2ac

Time (s): cpu = 00:00:14 ; elapsed = 00:00:18 . Memory (MB): peak = 2478.664 ; gain = 22.539
INFO: [Route 35-416] Intermediate Timing Summary | WNS=4.079  | TNS=0.000  | WHS=-0.198 | THS=-2.350 |


Router Utilization Summary
  Global Vertical Routing Utilization    = 0.00175397 %
  Global Horizontal Routing Utilization  = 0.00130141 %
  Routable Net Status*
  *Does not include unroutable nets such as driverless and loadless.
  Run report_route_status for detailed report.
  Number of Failed Nets               = 499
    (Failed Nets is the sum of unrouted and partially routed nets)
  Number of Unrouted Nets             = 493
  Number of Partially Routed Nets     = 6
  Number of Node Overlaps             = 13

Phase 2 Router Initialization | Checksum: 19c0ed254

Time (s): cpu = 00:00:15 ; elapsed = 00:00:18 . Memory (MB): peak = 2480.582 ; gain = 24.457

Phase 3 Initial Routing

Phase 3.1 Global Routing
Phase 3.1 Global Routing | Checksum: 19c0ed254

Time (s): cpu = 00:00:15 ; elapsed = 00:00:18 . Memory (MB): peak = 2480.582 ; gain = 24.457
Phase 3 Initial Routing | Checksum: 76fbe0d9

Time (s): cpu = 00:00:15 ; elapsed = 00:00:18 . Memory (MB): peak = 2480.582 ; gain = 24.457

Phase 4 Rip-up And Reroute

Phase 4.1 Global Iteration 0
 Number of Nodes with overlaps = 25
 Number of Nodes with overlaps = 0
INFO: [Route 35-416] Intermediate Timing Summary | WNS=4.359  | TNS=0.000  | WHS=N/A    | THS=N/A    |

Phase 4.1 Global Iteration 0 | Checksum: 15b2a7cb5

Time (s): cpu = 00:00:15 ; elapsed = 00:00:18 . Memory (MB): peak = 2480.582 ; gain = 24.457
Phase 4 Rip-up And Reroute | Checksum: 15b2a7cb5

Time (s): cpu = 00:00:15 ; elapsed = 00:00:18 . Memory (MB): peak = 2480.582 ; gain = 24.457

Phase 5 Delay and Skew Optimization

Phase 5.1 Delay CleanUp

Phase 5.1.1 Update Timing
Phase 5.1.1 Update Timing | Checksum: 17a87f1f1

Time (s): cpu = 00:00:15 ; elapsed = 00:00:18 . Memory (MB): peak = 2480.582 ; gain = 24.457
INFO: [Route 35-416] Intermediate Timing Summary | WNS=4.453  | TNS=0.000  | WHS=N/A    | THS=N/A    |

Phase 5.1 Delay CleanUp | Checksum: 17a87f1f1

Time (s): cpu = 00:00:15 ; elapsed = 00:00:18 . Memory (MB): peak = 2480.582 ; gain = 24.457

Phase 5.2 Clock Skew Optimization
Phase 5.2 Clock Skew Optimization | Checksum: 17a87f1f1

Time (s): cpu = 00:00:15 ; elapsed = 00:00:18 . Memory (MB): peak = 2480.582 ; gain = 24.457
Phase 5 Delay and Skew Optimization | Checksum: 17a87f1f1

Time (s): cpu = 00:00:15 ; elapsed = 00:00:18 . Memory (MB): peak = 2480.582 ; gain = 24.457

Phase 6 Post Hold Fix

Phase 6.1 Hold Fix Iter

Phase 6.1.1 Update Timing
Phase 6.1.1 Update Timing | Checksum: e4e69e6c

Time (s): cpu = 00:00:15 ; elapsed = 00:00:18 . Memory (MB): peak = 2480.582 ; gain = 24.457
INFO: [Route 35-416] Intermediate Timing Summary | WNS=4.453  | TNS=0.000  | WHS=0.133  | THS=0.000  |

Phase 6.1 Hold Fix Iter | Checksum: 113dab423

Time (s): cpu = 00:00:15 ; elapsed = 00:00:18 . Memory (MB): peak = 2480.582 ; gain = 24.457
Phase 6 Post Hold Fix | Checksum: 113dab423

Time (s): cpu = 00:00:15 ; elapsed = 00:00:18 . Memory (MB): peak = 2480.582 ; gain = 24.457

Phase 7 Route finalize

Router Utilization Summary
  Global Vertical Routing Utilization    = 0.127641 %
  Global Horizontal Routing Utilization  = 0.257288 %
  Routable Net Status*
  *Does not include unroutable nets such as driverless and loadless.
  Run report_route_status for detailed report.
  Number of Failed Nets               = 0
    (Failed Nets is the sum of unrouted and partially routed nets)
  Number of Unrouted Nets             = 0
  Number of Partially Routed Nets     = 0
  Number of Node Overlaps             = 0

Phase 7 Route finalize | Checksum: 160b013ec

Time (s): cpu = 00:00:15 ; elapsed = 00:00:18 . Memory (MB): peak = 2480.582 ; gain = 24.457

Phase 8 Verifying routed nets

 Verification completed successfully
Phase 8 Verifying routed nets | Checksum: 160b013ec

Time (s): cpu = 00:00:15 ; elapsed = 00:00:18 . Memory (MB): peak = 2481.273 ; gain = 25.148

Phase 9 Depositing Routes
Phase 9 Depositing Routes | Checksum: aa031fbd

Time (s): cpu = 00:00:15 ; elapsed = 00:00:18 . Memory (MB): peak = 2481.273 ; gain = 25.148

Phase 10 Post Router Timing
INFO: [Route 35-57] Estimated Timing Summary | WNS=4.453  | TNS=0.000  | WHS=0.133  | THS=0.000  |

INFO: [Route 35-327] The final timing numbers are based on the router estimated timing analysis. For a complete and accurate timing signoff, please run report_timing_summary.
Phase 10 Post Router Timing | Checksum: aa031fbd

Time (s): cpu = 00:00:15 ; elapsed = 00:00:18 . Memory (MB): peak = 2481.273 ; gain = 25.148
INFO: [Route 35-16] Router Completed Successfully

Time (s): cpu = 00:00:15 ; elapsed = 00:00:18 . Memory (MB): peak = 2481.273 ; gain = 25.148

Routing Is Done.
INFO: [Common 17-83] Releasing license: Implementation
89 Infos, 0 Warnings, 0 Critical Warnings and 0 Errors encountered.
route_design completed successfully
route_design: Time (s): cpu = 00:00:16 ; elapsed = 00:00:19 . Memory (MB): peak = 2481.273 ; gain = 25.148
INFO: [Timing 38-480] Writing timing data to binary archive.
Writing XDEF routing.
Writing XDEF routing logical nets.
Writing XDEF routing special nets.
Write XDEF Complete: Time (s): cpu = 00:00:00 ; elapsed = 00:00:00.059 . Memory (MB): peak = 2503.988 ; gain = 22.715
INFO: [Common 17-1381] The checkpoint 'C:/Users/realk/Desktop/ece385/ECE385/lab5/adder2/adder2.runs/impl_1/processor_top_routed.dcp' has been generated.
INFO: [runtcl-4] Executing : report_drc -file processor_top_drc_routed.rpt -pb processor_top_drc_routed.pb -rpx processor_top_drc_routed.rpx
Command: report_drc -file processor_top_drc_routed.rpt -pb processor_top_drc_routed.pb -rpx processor_top_drc_routed.rpx
INFO: [IP_Flow 19-1839] IP Catalog is up to date.
INFO: [DRC 23-27] Running DRC with 2 threads
INFO: [Vivado_Tcl 2-168] The results of DRC are in file C:/Users/realk/Desktop/ece385/ECE385/lab5/adder2/adder2.runs/impl_1/processor_top_drc_routed.rpt.
report_drc completed successfully
INFO: [runtcl-4] Executing : report_methodology -file processor_top_methodology_drc_routed.rpt -pb processor_top_methodology_drc_routed.pb -rpx processor_top_methodology_drc_routed.rpx
Command: report_methodology -file processor_top_methodology_drc_routed.rpt -pb processor_top_methodology_drc_routed.pb -rpx processor_top_methodology_drc_routed.rpx
INFO: [Timing 38-35] Done setting XDC timing constraints.
INFO: [DRC 23-133] Running Methodology with 2 threads
INFO: [Vivado_Tcl 2-1520] The results of Report Methodology are in file C:/Users/realk/Desktop/ece385/ECE385/lab5/adder2/adder2.runs/impl_1/processor_top_methodology_drc_routed.rpt.
report_methodology completed successfully
INFO: [runtcl-4] Executing : report_power -file processor_top_power_routed.rpt -pb processor_top_power_summary_routed.pb -rpx processor_top_power_routed.rpx
Command: report_power -file processor_top_power_routed.rpt -pb processor_top_power_summary_routed.pb -rpx processor_top_power_routed.rpx
INFO: [Timing 38-35] Done setting XDC timing constraints.
Running Vector-less Activity Propagation...

Finished Running Vector-less Activity Propagation
101 Infos, 0 Warnings, 0 Critical Warnings and 0 Errors encountered.
report_power completed successfully
INFO: [runtcl-4] Executing : report_route_status -file processor_top_route_status.rpt -pb processor_top_route_status.pb
INFO: [runtcl-4] Executing : report_timing_summary -max_paths 10 -report_unconstrained -file processor_top_timing_summary_routed.rpt -pb processor_top_timing_summary_routed.pb -rpx processor_top_timing_summary_routed.rpx -warn_on_violation 
INFO: [Timing 38-91] UpdateTimingParams: Speed grade: -1, Delay Type: min_max.
INFO: [Timing 38-191] Multithreading enabled for timing update using a maximum of 2 CPUs
INFO: [runtcl-4] Executing : report_incremental_reuse -file processor_top_incremental_reuse_routed.rpt
INFO: [Vivado_Tcl 4-1062] Incremental flow is disabled. No incremental reuse Info to report.
INFO: [runtcl-4] Executing : report_clock_utilization -file processor_top_clock_utilization_routed.rpt
INFO: [runtcl-4] Executing : report_bus_skew -warn_on_violation -file processor_top_bus_skew_routed.rpt -pb processor_top_bus_skew_routed.pb -rpx processor_top_bus_skew_routed.rpx
INFO: [Timing 38-91] UpdateTimingParams: Speed grade: -1, Delay Type: min_max.
INFO: [Timing 38-191] Multithreading enabled for timing update using a maximum of 2 CPUs
INFO: [Common 17-206] Exiting Vivado at Sun Oct  6 17:20:16 2024...
